#
# A fatal error has been detected by the Java Runtime Environment:
#
#  SIGFPE (0x8) at pc=0x00007fff557137c2, pid=7325, tid=0x0000000000000307
#
# JRE version: Java(TM) SE Runtime Environment (8.0_111-b14) (build 1.8.0_111-b14)
# Java VM: Java HotSpot(TM) 64-Bit Server VM (25.111-b14 mixed mode bsd-amd64 compressed oops)
# Problematic frame:
# C  [libsystem_kernel.dylib+0x127c2]  mach_msg_trap+0xa
#
# Failed to write core dump. Core dumps have been disabled. To enable core dumping, try "ulimit -c unlimited" before starting Java again
#
# If you would like to submit a bug report, please visit:
#   http://bugreport.java.com/bugreport/crash.jsp
#

---------------  T H R E A D  ---------------

Current thread is native thread

siginfo: si_signo: 8 (SIGFPE), si_code: 0 (unknown), si_addr: 0x00007fff557137c2

Registers:
RAX=0x0000000010004005, RBX=0x0000000007000806, RCX=0x00007ffee0c253c8, RDX=0x0000000000000000
RSP=0x00007ffee0c253c8, RBP=0x00007ffee0c25420, RSI=0x0000000007000806, RDI=0x00007ffee0c25580
R8 =0x0000000000001303, R9 =0x00000000ffffffff, R10=0x0000000000000c00, R11=0x0000000000000246
R12=0x0000000000000c00, R13=0x00000000ffffffff, R14=0x00007ffee0c25580, R15=0x0000000000001303
RIP=0x00007fff557137c2, EFLAGS=0x0000000000000246, ERR=0x000000000100001f
  TRAPNO=0x0000000000000085

Top of Stack: (sp=0x00007ffee0c253c8)
0x00007ffee0c253c8:   00007fff55712d71 0000000000000000
0x00007ffee0c253d8:   00000000ffffffff 00007ffee0c25420
0x00007ffee0c253e8:   0000000055718a7e 0000130300000000
0x00007ffee0c253f8:   00007fefd1600660 00007ffee0c25580
0x00007ffee0c25408:   00007fefd16004e0 0000000000001303
0x00007ffee0c25418:   00000000ffffffff 00007ffee0c254b0
0x00007ffee0c25428:   00007fff2dcbb575 00007ffe00000000
0x00007ffee0c25438:   00007ffee0c254b0 00007ffee0c25518
0x00007ffee0c25448:   00000000ffffffff 0000000000001303
0x00007ffee0c25458:   00007ffee0c25550 00007ffee0c2556c
0x00007ffee0c25468:   070008065562c87e 00007ffee0c25520
0x00007ffee0c25478:   00000000ffffff01 ffffffff00001303
0x00007ffee0c25488:   00007fefd1600660 00007fefd16004e8
0x00007ffee0c25498:   00000000ffffffff 0000000000001303
0x00007ffee0c254a8:   00007fefd16004e0 00007ffee0c261b0
0x00007ffee0c254b8:   00007fff2dcba8c7 00007fefd16004e0
0x00007ffee0c254c8:   00007fefd1600660 00007fff2bf2b058
0x00007ffee0c254d8:   0000000000000c03 0000000000002903
0x00007ffee0c254e8:   00007fefd1600900 00007fff8803d980
0x00007ffee0c254f8:   00007fff2bf2dee4 00007fff2bf358d0
0x00007ffee0c25508:   00007fff2bf2affe 00007fffd26e6631
0x00007ffee0c25518:   ffffffffffffffff 0000000000000000
0x00007ffee0c25528:   00007fefd1600910 00000000e0c255d0
0x00007ffee0c25538:   00007fefd1600670 00007fefd16004f0
0x00007ffee0c25548:   0000000000000000 00007ffee0c25580
0x00007ffee0c25558:   0000000000000c03 41c02b9dd0073bda
0x00007ffee0c25568:   0000000014fee9cf 00007fefd7b32000
0x00007ffee0c25578:   00007fff00002903 00000c0000000000
0x00007ffee0c25588:   0000130300000000 0000000000000000
0x00007ffee0c25598:   0000004400000000 000001f5000000ba
0x00007ffee0c255a8:   000001f500000014 00000014000001f5
0x00007ffee0c255b8:   00000014000001f5 000186a900001c9d 

Instructions: (pc=0x00007fff557137c2)
0x00007fff557137a2:   ca b8 1c 00 00 01 0f 05 c3 90 49 89 ca b8 1d 00
0x00007fff557137b2:   00 01 0f 05 c3 90 49 89 ca b8 1f 00 00 01 0f 05
0x00007fff557137c2:   c3 90 49 89 ca b8 20 00 00 01 0f 05 c3 90 49 89
0x00007fff557137d2:   ca b8 21 00 00 01 0f 05 c3 90 49 89 ca b8 22 00 

Register to memory mapping:

RAX=0x0000000010004005 is an unknown value
RBX=0x0000000007000806 is an unknown value
RCX=0x00007ffee0c253c8 is an unknown value
RDX=0x0000000000000000 is an unknown value
RSP=0x00007ffee0c253c8 is an unknown value
RBP=0x00007ffee0c25420 is an unknown value
RSI=0x0000000007000806 is an unknown value
RDI=0x00007ffee0c25580 is an unknown value
R8 =0x0000000000001303 is an unknown value
R9 =0x00000000ffffffff is an unknown value
R10=0x0000000000000c00 is an unknown value
R11=0x0000000000000246 is an unknown value
R12=0x0000000000000c00 is an unknown value
R13=0x00000000ffffffff is an unknown value
R14=0x00007ffee0c25580 is an unknown value
R15=0x0000000000001303 is an unknown value


Stack: [0x00007ffee042a000,0x00007ffee0c2a000],  sp=0x00007ffee0c253c8,  free space=8172k
Native frames: (J=compiled Java code, j=interpreted, Vv=VM code, C=native code)
C  [libsystem_kernel.dylib+0x127c2]  mach_msg_trap+0xa
C  [CoreFoundation+0x86575]  __CFRunLoopServiceMachPort+0x155
C  [CoreFoundation+0x858c7]  __CFRunLoopRun+0x6f7
C  [CoreFoundation+0x84f43]  CFRunLoopRunSpecific+0x1e3
C  [java+0x6465]  CreateExecutionEnvironment+0x367
C  [java+0x218c]  JLI_Launch+0x7a0
C  [java+0x84c2]  main+0x65
C  [java+0x19e4]  start+0x34


---------------  P R O C E S S  ---------------

VM state:not at safepoint (normal execution)

VM Mutex/Monitor currently owned by a thread: None

Heap:
 PSYoungGen      total 257024K, used 63522K [0x0000000795580000, 0x00000007a5d80000, 0x00000007c0000000)
  eden space 245248K, 22% used [0x0000000795580000,0x0000000798b3a900,0x00000007a4500000)
  from space 11776K, 72% used [0x00000007a4500000,0x00000007a4d4e098,0x00000007a5080000)
  to   space 12288K, 0% used [0x00000007a5180000,0x00000007a5180000,0x00000007a5d80000)
 ParOldGen       total 102912K, used 36344K [0x0000000740000000, 0x0000000746480000, 0x0000000795580000)
  object space 102912K, 35% used [0x0000000740000000,0x000000074237e1d0,0x0000000746480000)
 Metaspace       used 84783K, capacity 92788K, committed 92928K, reserved 1130496K
  class space    used 9121K, capacity 11437K, committed 11520K, reserved 1048576K

Card table byte_map: [0x0000000110d61000,0x0000000111162000] byte_map_base: 0x000000010d361000

Marking Bits: (ParMarkBitMap*) 0x00000001102efd20
 Begin Bits: [0x000000012407a000, 0x000000012607a000)
 End Bits:   [0x000000012607a000, 0x000000012807a000)

Polling page: 0x000000010f052000

CodeCache: size=245760Kb used=52877Kb max_used=52895Kb free=192882Kb
 bounds [0x000000011507a000, 0x000000011849a000, 0x000000012407a000]
 total_blobs=12647 nmethods=12072 adapters=487
 compilation: enabled

Compilation events (10 events):
Event: 43856.728 Thread 0x00007fefd182e000 17006       4       org.springframework.web.servlet.mvc.method.annotation.RequestMappingHandlerMapping::resolveEmbeddedValuesInPatterns (46 bytes)
Event: 43856.728 Thread 0x00007fefd180b000 17007       4       org.springframework.web.servlet.mvc.method.RequestMappingInfo$DefaultBuilder::build (136 bytes)
Event: 43856.751 Thread 0x00007fefd304a000 17008       3       org.springframework.boot.autoconfigure.hateoas.HypermediaHttpMessageConverterConfiguration$HalMessageConverterSupportedMediaTypesCustomizer::configureHttpMessageConverters (72 bytes)
Event: 43856.752 Thread 0x00007fefd304a000 nmethod 17008 0x000000011583c710 code [0x000000011583c920, 0x000000011583d308]
Event: 43856.780 Thread 0x00007fefd182e000 nmethod 17006 0x0000000118484ed0 code [0x0000000118485140, 0x00000001184862a8]
Event: 43856.847 Thread 0x00007fefd180b000 nmethod 17007 0x000000011848bed0 code [0x000000011848c2a0, 0x000000011848e930]
Event: 43856.879 Thread 0x00007fefd304a000 17009       3       sun.misc.FloatingDecimal$BinaryToASCIIBuffer::estimateDecExp (182 bytes)
Event: 43856.880 Thread 0x00007fefd304a000 nmethod 17009 0x00000001165d5450 code [0x00000001165d5620, 0x00000001165d5b10]
Event: 43856.882 Thread 0x00007fefd304a000 17010       3       java.lang.StringBuilder::append (8 bytes)
Event: 43856.883 Thread 0x00007fefd304a000 nmethod 17010 0x000000011730ce50 code [0x000000011730cfe0, 0x000000011730d358]

GC Heap History (10 events):
Event: 43648.314 GC heap before
{Heap before GC invocations=258 (full 100):
 PSYoungGen      total 256512K, used 6289K [0x0000000795580000, 0x00000007a5b80000, 0x00000007c0000000)
  eden space 244736K, 0% used [0x0000000795580000,0x0000000795580000,0x00000007a4480000)
  from space 11776K, 53% used [0x00000007a5000000,0x00000007a5624530,0x00000007a5b80000)
  to   space 11776K, 0% used [0x00000007a4480000,0x00000007a4480000,0x00000007a5000000)
 ParOldGen       total 102912K, used 36281K [0x0000000740000000, 0x0000000746480000, 0x0000000795580000)
  object space 102912K, 35% used [0x0000000740000000,0x000000074236e5d0,0x0000000746480000)
 Metaspace       used 84190K, capacity 92080K, committed 92288K, reserved 1130496K
  class space    used 9072K, capacity 11328K, committed 11392K, reserved 1048576K
Event: 43648.581 GC heap after
Heap after GC invocations=258 (full 100):
 PSYoungGen      total 256512K, used 0K [0x0000000795580000, 0x00000007a5b80000, 0x00000007c0000000)
  eden space 244736K, 0% used [0x0000000795580000,0x0000000795580000,0x00000007a4480000)
  from space 11776K, 0% used [0x00000007a5000000,0x00000007a5000000,0x00000007a5b80000)
  to   space 11776K, 0% used [0x00000007a4480000,0x00000007a4480000,0x00000007a5000000)
 ParOldGen       total 102912K, used 39369K [0x0000000740000000, 0x0000000746480000, 0x0000000795580000)
  object space 102912K, 38% used [0x0000000740000000,0x00000007426725a8,0x0000000746480000)
 Metaspace       used 84187K, capacity 92074K, committed 92288K, reserved 1130496K
  class space    used 9072K, capacity 11326K, committed 11392K, reserved 1048576K
}
Event: 43716.513 GC heap before
{Heap before GC invocations=259 (full 100):
 PSYoungGen      total 256512K, used 244736K [0x0000000795580000, 0x00000007a5b80000, 0x00000007c0000000)
  eden space 244736K, 100% used [0x0000000795580000,0x00000007a4480000,0x00000007a4480000)
  from space 11776K, 0% used [0x00000007a5000000,0x00000007a5000000,0x00000007a5b80000)
  to   space 11776K, 0% used [0x00000007a4480000,0x00000007a4480000,0x00000007a5000000)
 ParOldGen       total 102912K, used 39369K [0x0000000740000000, 0x0000000746480000, 0x0000000795580000)
  object space 102912K, 38% used [0x0000000740000000,0x00000007426725a8,0x0000000746480000)
 Metaspace       used 84459K, capacity 92392K, committed 92544K, reserved 1130496K
  class space    used 9092K, capacity 11367K, committed 11392K, reserved 1048576K
Event: 43716.523 GC heap after
Heap after GC invocations=259 (full 100):
 PSYoungGen      total 256512K, used 8459K [0x0000000795580000, 0x00000007a5c00000, 0x00000007c0000000)
  eden space 244736K, 0% used [0x0000000795580000,0x0000000795580000,0x00000007a4480000)
  from space 11776K, 71% used [0x00000007a4480000,0x00000007a4cc2d28,0x00000007a5000000)
  to   space 11776K, 0% used [0x00000007a5080000,0x00000007a5080000,0x00000007a5c00000)
 ParOldGen       total 102912K, used 39377K [0x0000000740000000, 0x0000000746480000, 0x0000000795580000)
  object space 102912K, 38% used [0x0000000740000000,0x00000007426745a8,0x0000000746480000)
 Metaspace       used 84459K, capacity 92392K, committed 92544K, reserved 1130496K
  class space    used 9092K, capacity 11367K, committed 11392K, reserved 1048576K
}
Event: 43849.457 GC heap before
{Heap before GC invocations=260 (full 100):
 PSYoungGen      total 256512K, used 78106K [0x0000000795580000, 0x00000007a5c00000, 0x00000007c0000000)
  eden space 244736K, 28% used [0x0000000795580000,0x0000000799983b28,0x00000007a4480000)
  from space 11776K, 71% used [0x00000007a4480000,0x00000007a4cc2d28,0x00000007a5000000)
  to   space 11776K, 0% used [0x00000007a5080000,0x00000007a5080000,0x00000007a5c00000)
 ParOldGen       total 102912K, used 39377K [0x0000000740000000, 0x0000000746480000, 0x0000000795580000)
  object space 102912K, 38% used [0x0000000740000000,0x00000007426745a8,0x0000000746480000)
 Metaspace       used 84464K, capacity 92398K, committed 92544K, reserved 1130496K
  class space    used 9093K, capacity 11369K, committed 11392K, reserved 1048576K
Event: 43849.463 GC heap after
Heap after GC invocations=260 (full 100):
 PSYoungGen      total 257024K, used 3283K [0x0000000795580000, 0x00000007a5c00000, 0x00000007c0000000)
  eden space 245248K, 0% used [0x0000000795580000,0x0000000795580000,0x00000007a4500000)
  from space 11776K, 27% used [0x00000007a5080000,0x00000007a53b4de8,0x00000007a5c00000)
  to   space 11776K, 0% used [0x00000007a4500000,0x00000007a4500000,0x00000007a5080000)
 ParOldGen       total 102912K, used 39377K [0x0000000740000000, 0x0000000746480000, 0x0000000795580000)
  object space 102912K, 38% used [0x0000000740000000,0x00000007426745a8,0x0000000746480000)
 Metaspace       used 84464K, capacity 92398K, committed 92544K, reserved 1130496K
  class space    used 9093K, capacity 11369K, committed 11392K, reserved 1048576K
}
Event: 43849.463 GC heap before
{Heap before GC invocations=261 (full 101):
 PSYoungGen      total 257024K, used 3283K [0x0000000795580000, 0x00000007a5c00000, 0x00000007c0000000)
  eden space 245248K, 0% used [0x0000000795580000,0x0000000795580000,0x00000007a4500000)
  from space 11776K, 27% used [0x00000007a5080000,0x00000007a53b4de8,0x00000007a5c00000)
  to   space 11776K, 0% used [0x00000007a4500000,0x00000007a4500000,0x00000007a5080000)
 ParOldGen       total 102912K, used 39377K [0x0000000740000000, 0x0000000746480000, 0x0000000795580000)
  object space 102912K, 38% used [0x0000000740000000,0x00000007426745a8,0x0000000746480000)
 Metaspace       used 84464K, capacity 92398K, committed 92544K, reserved 1130496K
  class space    used 9093K, capacity 11369K, committed 11392K, reserved 1048576K
Event: 43849.611 GC heap after
Heap after GC invocations=261 (full 101):
 PSYoungGen      total 257024K, used 0K [0x0000000795580000, 0x00000007a5c00000, 0x00000007c0000000)
  eden space 245248K, 0% used [0x0000000795580000,0x0000000795580000,0x00000007a4500000)
  from space 11776K, 0% used [0x00000007a5080000,0x00000007a5080000,0x00000007a5c00000)
  to   space 11776K, 0% used [0x00000007a4500000,0x00000007a4500000,0x00000007a5080000)
 ParOldGen       total 102912K, used 36336K [0x0000000740000000, 0x0000000746480000, 0x0000000795580000)
  object space 102912K, 35% used [0x0000000740000000,0x000000074237c1d0,0x0000000746480000)
 Metaspace       used 84450K, capacity 92374K, committed 92544K, reserved 1130496K
  class space    used 9090K, capacity 11364K, committed 11392K, reserved 1048576K
}
Event: 43910.353 GC heap before
{Heap before GC invocations=262 (full 101):
 PSYoungGen      total 257024K, used 245248K [0x0000000795580000, 0x00000007a5c00000, 0x00000007c0000000)
  eden space 245248K, 100% used [0x0000000795580000,0x00000007a4500000,0x00000007a4500000)
  from space 11776K, 0% used [0x00000007a5080000,0x00000007a5080000,0x00000007a5c00000)
  to   space 11776K, 0% used [0x00000007a4500000,0x00000007a4500000,0x00000007a5080000)
 ParOldGen       total 102912K, used 36336K [0x0000000740000000, 0x0000000746480000, 0x0000000795580000)
  object space 102912K, 35% used [0x0000000740000000,0x000000074237c1d0,0x0000000746480000)
 Metaspace       used 84783K, capacity 92788K, committed 92928K, reserved 1130496K
  class space    used 9121K, capacity 11437K, committed 11520K, reserved 1048576K
Event: 43910.361 GC heap after
Heap after GC invocations=262 (full 101):
 PSYoungGen      total 257024K, used 8504K [0x0000000795580000, 0x00000007a5d80000, 0x00000007c0000000)
  eden space 245248K, 0% used [0x0000000795580000,0x0000000795580000,0x00000007a4500000)
  from space 11776K, 72% used [0x00000007a4500000,0x00000007a4d4e098,0x00000007a5080000)
  to   space 12288K, 0% used [0x00000007a5180000,0x00000007a5180000,0x00000007a5d80000)
 ParOldGen       total 102912K, used 36344K [0x0000000740000000, 0x0000000746480000, 0x0000000795580000)
  object space 102912K, 35% used [0x0000000740000000,0x000000074237e1d0,0x0000000746480000)
 Metaspace       used 84783K, capacity 92788K, committed 92928K, reserved 1130496K
  class space    used 9121K, capacity 11437K, committed 11520K, reserved 1048576K
}

Deoptimization events (10 events):
Event: 40333.711 Thread 0x00007fefd6cfe800 Uncommon trap: reason=array_check action=maybe_recompile pc=0x00000001180cbc18 method=java.util.ComparableTimSort.reverseRange([Ljava/lang/Object;II)V @ 20
Event: 40338.254 Thread 0x00007fefd6cfe800 Uncommon trap: reason=array_check action=maybe_recompile pc=0x00000001180cbc18 method=java.util.ComparableTimSort.reverseRange([Ljava/lang/Object;II)V @ 20
Event: 40372.163 Thread 0x00007fefd6bd5800 Uncommon trap: reason=array_check action=maybe_recompile pc=0x00000001180cbc18 method=java.util.ComparableTimSort.reverseRange([Ljava/lang/Object;II)V @ 20
Event: 40372.385 Thread 0x00007fefd6bd5800 Uncommon trap: reason=array_check action=maybe_recompile pc=0x00000001180cbc18 method=java.util.ComparableTimSort.reverseRange([Ljava/lang/Object;II)V @ 20
Event: 41609.715 Thread 0x00007fefd25ce800 Uncommon trap: reason=array_check action=maybe_recompile pc=0x000000011822a0e8 method=java.util.ComparableTimSort.reverseRange([Ljava/lang/Object;II)V @ 27
Event: 41609.909 Thread 0x00007fefd25ce800 Uncommon trap: reason=array_check action=maybe_recompile pc=0x000000011822a0e8 method=java.util.ComparableTimSort.reverseRange([Ljava/lang/Object;II)V @ 27
Event: 43857.121 Thread 0x00007fefd23dc800 Uncommon trap: reason=unstable_if action=reinterpret pc=0x00000001180e0254 method=com.mysql.jdbc.ConnectionImpl.execSQL(Lcom/mysql/jdbc/StatementImpl;Ljava/lang/String;ILcom/mysql/jdbc/Buffer;IIZLjava/lang/String;[Lcom/mysql/jdbc/Field;Z)Lcom/mysql/jdbc/R
Event: 43857.121 Thread 0x00007fefd23dc800 Uncommon trap: reason=unstable_if action=reinterpret pc=0x00000001183d1e14 method=com.mysql.jdbc.MysqlIO.sqlQueryDirect(Lcom/mysql/jdbc/StatementImpl;Ljava/lang/String;Ljava/lang/String;Lcom/mysql/jdbc/Buffer;IIIZLjava/lang/String;[Lcom/mysql/jdbc/Field;)
Event: 43857.121 Thread 0x00007fefd23dc800 Uncommon trap: reason=unstable_if action=reinterpret pc=0x00000001155bbe34 method=com.mysql.jdbc.MysqlIO.send(Lcom/mysql/jdbc/Buffer;I)V @ 379
Event: 43857.151 Thread 0x00007fefd23dc800 Uncommon trap: reason=null_check action=make_not_entrant pc=0x0000000116b11710 method=com.mysql.jdbc.ResultSetImpl.findColumn(Ljava/lang/String;)I @ 60

Internal exceptions (10 events):
Event: 43856.471 Thread 0x00007fefd23dc800 Exception <a 'java/lang/ClassNotFoundException': java/lang/ObjectCustomizer> (0x000000079ea00b38) thrown at [/Users/java_re/workspace/8-2-build-macosx-x86_64/jdk8u111/7883/hotspot/src/share/vm/classfile/systemDictionary.cpp, line 210]
Event: 43856.471 Thread 0x00007fefd23dc800 Exception <a 'java/lang/ClassNotFoundException': edu/northeastern/cs4500/controllers/hello/HelloObjectCustomizer> (0x000000079ea1e7b8) thrown at [/Users/java_re/workspace/8-2-build-macosx-x86_64/jdk8u111/7883/hotspot/src/share/vm/classfile/systemDictionar
Event: 43856.480 Thread 0x00007fefd23dc800 Exception <a 'java/lang/ClassNotFoundException': java/lang/ObjectCustomizer> (0x000000079eb3de30) thrown at [/Users/java_re/workspace/8-2-build-macosx-x86_64/jdk8u111/7883/hotspot/src/share/vm/classfile/systemDictionary.cpp, line 210]
Event: 43856.480 Thread 0x00007fefd23dc800 Exception <a 'java/lang/ClassNotFoundException': edu/northeastern/cs4500/controllers/hello/HelloControllerCustomizer> (0x000000079eb5c2a8) thrown at [/Users/java_re/workspace/8-2-build-macosx-x86_64/jdk8u111/7883/hotspot/src/share/vm/classfile/systemDicti
Event: 43856.486 Thread 0x00007fefd23dc800 Exception <a 'java/lang/ClassNotFoundException': java/lang/ObjectCustomizer> (0x000000079ec32940) thrown at [/Users/java_re/workspace/8-2-build-macosx-x86_64/jdk8u111/7883/hotspot/src/share/vm/classfile/systemDictionary.cpp, line 210]
Event: 43856.486 Thread 0x00007fefd23dc800 Exception <a 'java/lang/ClassNotFoundException': edu/northeastern/cs4500/service/EndUserServiceCustomizer> (0x000000079ec4db68) thrown at [/Users/java_re/workspace/8-2-build-macosx-x86_64/jdk8u111/7883/hotspot/src/share/vm/classfile/systemDictionary.cpp, 
Event: 43857.121 Thread 0x00007fefd23dc800 Implicit null exception at 0x00000001183d0af5 to 0x00000001183d1da9
Event: 43857.151 Thread 0x00007fefd23dc800 Implicit null exception at 0x0000000116b10d74 to 0x0000000116b11705
Event: 43857.152 Thread 0x00007fefd23dc800 Exception <a 'java/lang/NullPointerException'> (0x00000007a2763c10) thrown at [/Users/java_re/workspace/8-2-build-macosx-x86_64/jdk8u111/7883/hotspot/src/share/vm/interpreter/linkResolver.cpp, line 1178]
Event: 43857.152 Thread 0x00007fefd23dc800 Exception <a 'java/lang/reflect/InvocationTargetException'> (0x00000007a2763e18) thrown at [/Users/java_re/workspace/8-2-build-macosx-x86_64/jdk8u111/7883/hotspot/src/share/vm/runtime/reflection.cpp, line 1092]

Events (10 events):
Event: 43860.140 Thread 0x00007fefd25c6000 Thread exited: 0x00007fefd25c6000
Event: 43860.140 Thread 0x00007fefd2d5c000 Thread exited: 0x00007fefd2d5c000
Event: 43880.138 Executing VM operation: RevokeBias
Event: 43880.138 Executing VM operation: RevokeBias done
Event: 43910.353 Executing VM operation: ParallelGCFailedAllocation
Event: 43910.361 Executing VM operation: ParallelGCFailedAllocation done
Event: 43910.362 Executing VM operation: RevokeBias
Event: 43910.362 Executing VM operation: RevokeBias done
Event: 43910.362 Executing VM operation: RevokeBias
Event: 43910.362 Executing VM operation: RevokeBias done


Dynamic libraries:
0x000000000628d000 	/System/Library/Frameworks/Cocoa.framework/Versions/A/Cocoa
0x000000000628d000 	/System/Library/Frameworks/Security.framework/Versions/A/Security
0x000000000628d000 	/System/Library/Frameworks/ApplicationServices.framework/Versions/A/ApplicationServices
0x000000000628d000 	/usr/lib/libz.1.dylib
0x000000000628d000 	/usr/lib/libSystem.B.dylib
0x000000000628d000 	/usr/lib/libobjc.A.dylib
0x000000000628d000 	/System/Library/Frameworks/CoreFoundation.framework/Versions/A/CoreFoundation
0x000000000628d000 	/System/Library/Frameworks/Foundation.framework/Versions/C/Foundation
0x000000000628d000 	/System/Library/Frameworks/AppKit.framework/Versions/C/AppKit
0x000000000628d000 	/System/Library/Frameworks/CoreData.framework/Versions/A/CoreData
0x000000000628d000 	/System/Library/PrivateFrameworks/RemoteViewServices.framework/Versions/A/RemoteViewServices
0x000000000628d000 	/System/Library/PrivateFrameworks/UIFoundation.framework/Versions/A/UIFoundation
0x000000000628d000 	/System/Library/PrivateFrameworks/DFRFoundation.framework/Versions/A/DFRFoundation
0x000000000628d000 	/System/Library/Frameworks/Metal.framework/Versions/A/Metal
0x000000000628d000 	/System/Library/PrivateFrameworks/DesktopServicesPriv.framework/Versions/A/DesktopServicesPriv
0x000000000628d000 	/usr/lib/libenergytrace.dylib
0x000000000628d000 	/System/Library/PrivateFrameworks/SkyLight.framework/Versions/A/SkyLight
0x000000000628d000 	/System/Library/Frameworks/CoreGraphics.framework/Versions/A/CoreGraphics
0x000000000628d000 	/usr/lib/libScreenReader.dylib
0x000000000628d000 	/System/Library/Frameworks/Accelerate.framework/Versions/A/Accelerate
0x000000000628d000 	/System/Library/Frameworks/IOSurface.framework/Versions/A/IOSurface
0x000000000628d000 	/System/Library/Frameworks/AudioToolbox.framework/Versions/A/AudioToolbox
0x000000000628d000 	/System/Library/Frameworks/AudioUnit.framework/Versions/A/AudioUnit
0x000000000628d000 	/System/Library/PrivateFrameworks/DataDetectorsCore.framework/Versions/A/DataDetectorsCore
0x000000000628d000 	/System/Library/Frameworks/Carbon.framework/Versions/A/Frameworks/HIToolbox.framework/Versions/A/HIToolbox
0x000000000628d000 	/usr/lib/libicucore.A.dylib
0x000000000628d000 	/System/Library/Frameworks/QuartzCore.framework/Versions/A/QuartzCore
0x000000000628d000 	/System/Library/Frameworks/Carbon.framework/Versions/A/Frameworks/SpeechRecognition.framework/Versions/A/SpeechRecognition
0x000000000628d000 	/usr/lib/libauto.dylib
0x000000000628d000 	/usr/lib/libxml2.2.dylib
0x000000000628d000 	/System/Library/PrivateFrameworks/CoreUI.framework/Versions/A/CoreUI
0x000000000628d000 	/System/Library/Frameworks/CoreAudio.framework/Versions/A/CoreAudio
0x000000000628d000 	/System/Library/Frameworks/DiskArbitration.framework/Versions/A/DiskArbitration
0x000000000628d000 	/usr/lib/liblangid.dylib
0x000000000628d000 	/System/Library/PrivateFrameworks/MultitouchSupport.framework/Versions/A/MultitouchSupport
0x000000000628d000 	/System/Library/Frameworks/IOKit.framework/Versions/A/IOKit
0x000000000628d000 	/usr/lib/libDiagnosticMessagesClient.dylib
0x000000000628d000 	/System/Library/Frameworks/CoreServices.framework/Versions/A/CoreServices
0x000000000628d000 	/System/Library/PrivateFrameworks/PerformanceAnalysis.framework/Versions/A/PerformanceAnalysis
0x000000000628d000 	/System/Library/Frameworks/OpenGL.framework/Versions/A/OpenGL
0x000000000628d000 	/System/Library/Frameworks/ColorSync.framework/Versions/A/ColorSync
0x000000000628d000 	/System/Library/Frameworks/CoreImage.framework/Versions/A/CoreImage
0x000000000628d000 	/System/Library/Frameworks/CoreText.framework/Versions/A/CoreText
0x000000000628d000 	/System/Library/Frameworks/ImageIO.framework/Versions/A/ImageIO
0x000000000628d000 	/System/Library/PrivateFrameworks/Backup.framework/Versions/A/Backup
0x000000000628d000 	/usr/lib/libarchive.2.dylib
0x000000000628d000 	/System/Library/Frameworks/CFNetwork.framework/Versions/A/CFNetwork
0x000000000628d000 	/System/Library/Frameworks/SystemConfiguration.framework/Versions/A/SystemConfiguration
0x000000000628d000 	/usr/lib/libCRFSuite.dylib
0x000000000628d000 	/usr/lib/libc++.1.dylib
0x000000000628d000 	/usr/lib/libc++abi.dylib
0x000000000628d000 	/usr/lib/system/libcache.dylib
0x000000000628d000 	/usr/lib/system/libcommonCrypto.dylib
0x000000000628d000 	/usr/lib/system/libcompiler_rt.dylib
0x000000000628d000 	/usr/lib/system/libcopyfile.dylib
0x000000000628d000 	/usr/lib/system/libcorecrypto.dylib
0x000000000628d000 	/usr/lib/system/libdispatch.dylib
0x000000000628d000 	/usr/lib/system/libdyld.dylib
0x000000000628d000 	/usr/lib/system/libkeymgr.dylib
0x000000000628d000 	/usr/lib/system/liblaunch.dylib
0x000000000628d000 	/usr/lib/system/libmacho.dylib
0x000000000628d000 	/usr/lib/system/libquarantine.dylib
0x000000000628d000 	/usr/lib/system/libremovefile.dylib
0x000000000628d000 	/usr/lib/system/libsystem_asl.dylib
0x000000000628d000 	/usr/lib/system/libsystem_blocks.dylib
0x000000000628d000 	/usr/lib/system/libsystem_c.dylib
0x000000000628d000 	/usr/lib/system/libsystem_configuration.dylib
0x000000000628d000 	/usr/lib/system/libsystem_coreservices.dylib
0x000000000628d000 	/usr/lib/system/libsystem_darwin.dylib
0x000000000628d000 	/usr/lib/system/libsystem_dnssd.dylib
0x000000000628d000 	/usr/lib/system/libsystem_info.dylib
0x000000000628d000 	/usr/lib/system/libsystem_m.dylib
0x000000000628d000 	/usr/lib/system/libsystem_malloc.dylib
0x000000000628d000 	/usr/lib/system/libsystem_network.dylib
0x000000000628d000 	/usr/lib/system/libsystem_networkextension.dylib
0x000000000628d000 	/usr/lib/system/libsystem_notify.dylib
0x000000000628d000 	/usr/lib/system/libsystem_sandbox.dylib
0x000000000628d000 	/usr/lib/system/libsystem_secinit.dylib
0x000000000628d000 	/usr/lib/system/libsystem_kernel.dylib
0x000000000628d000 	/usr/lib/system/libsystem_platform.dylib
0x000000000628d000 	/usr/lib/system/libsystem_pthread.dylib
0x000000000628d000 	/usr/lib/system/libsystem_symptoms.dylib
0x000000000628d000 	/usr/lib/system/libsystem_trace.dylib
0x000000000628d000 	/usr/lib/system/libunwind.dylib
0x000000000628d000 	/usr/lib/system/libxpc.dylib
0x000000000628d000 	/usr/lib/closure/libclosured.dylib
0x000000000628d000 	/usr/lib/libbsm.0.dylib
0x000000000628d000 	/usr/lib/system/libkxld.dylib
0x000000000628d000 	/usr/lib/libOpenScriptingUtil.dylib
0x000000000628d000 	/usr/lib/libcoretls.dylib
0x000000000628d000 	/usr/lib/libcoretls_cfhelpers.dylib
0x000000000628d000 	/usr/lib/libpam.2.dylib
0x000000000628d000 	/usr/lib/libsqlite3.dylib
0x000000000628d000 	/usr/lib/libxar.1.dylib
0x000000000628d000 	/usr/lib/libbz2.1.0.dylib
0x000000000628d000 	/usr/lib/liblzma.5.dylib
0x000000000628d000 	/usr/lib/libnetwork.dylib
0x000000000628d000 	/usr/lib/libapple_nghttp2.dylib
0x000000000628d000 	/usr/lib/libpcap.A.dylib
0x000000000628d000 	/usr/lib/libboringssl.dylib
0x000000000628d000 	/usr/lib/libusrtcp.dylib
0x000000000628d000 	/usr/lib/libapple_crypto.dylib
0x000000000628d000 	/System/Library/Frameworks/CoreServices.framework/Versions/A/Frameworks/FSEvents.framework/Versions/A/FSEvents
0x000000000628d000 	/System/Library/Frameworks/CoreServices.framework/Versions/A/Frameworks/CarbonCore.framework/Versions/A/CarbonCore
0x000000000628d000 	/System/Library/Frameworks/CoreServices.framework/Versions/A/Frameworks/Metadata.framework/Versions/A/Metadata
0x000000000628d000 	/System/Library/Frameworks/CoreServices.framework/Versions/A/Frameworks/OSServices.framework/Versions/A/OSServices
0x000000000628d000 	/System/Library/Frameworks/CoreServices.framework/Versions/A/Frameworks/SearchKit.framework/Versions/A/SearchKit
0x000000000628d000 	/System/Library/Frameworks/CoreServices.framework/Versions/A/Frameworks/AE.framework/Versions/A/AE
0x000000000628d000 	/System/Library/Frameworks/CoreServices.framework/Versions/A/Frameworks/LaunchServices.framework/Versions/A/LaunchServices
0x000000000628d000 	/System/Library/Frameworks/CoreServices.framework/Versions/A/Frameworks/DictionaryServices.framework/Versions/A/DictionaryServices
0x000000000628d000 	/System/Library/Frameworks/CoreServices.framework/Versions/A/Frameworks/SharedFileList.framework/Versions/A/SharedFileList
0x000000000628d000 	/System/Library/Frameworks/NetFS.framework/Versions/A/NetFS
0x000000000628d000 	/System/Library/PrivateFrameworks/NetAuth.framework/Versions/A/NetAuth
0x000000000628d000 	/System/Library/PrivateFrameworks/login.framework/Versions/A/Frameworks/loginsupport.framework/Versions/A/loginsupport
0x000000000628d000 	/System/Library/PrivateFrameworks/TCC.framework/Versions/A/TCC
0x000000000628d000 	/usr/lib/libmecabra.dylib
0x000000000628d000 	/System/Library/Frameworks/ApplicationServices.framework/Versions/A/Frameworks/ATS.framework/Versions/A/ATS
0x000000000628d000 	/System/Library/Frameworks/ApplicationServices.framework/Versions/A/Frameworks/ColorSyncLegacy.framework/Versions/A/ColorSyncLegacy
0x000000000628d000 	/System/Library/Frameworks/ApplicationServices.framework/Versions/A/Frameworks/HIServices.framework/Versions/A/HIServices
0x000000000628d000 	/System/Library/Frameworks/ApplicationServices.framework/Versions/A/Frameworks/LangAnalysis.framework/Versions/A/LangAnalysis
0x000000000628d000 	/System/Library/Frameworks/ApplicationServices.framework/Versions/A/Frameworks/PrintCore.framework/Versions/A/PrintCore
0x000000000628d000 	/System/Library/Frameworks/ApplicationServices.framework/Versions/A/Frameworks/QD.framework/Versions/A/QD
0x000000000628d000 	/System/Library/Frameworks/ApplicationServices.framework/Versions/A/Frameworks/SpeechSynthesis.framework/Versions/A/SpeechSynthesis
0x000000000628d000 	/System/Library/Frameworks/CoreDisplay.framework/Versions/A/CoreDisplay
0x000000000628d000 	/System/Library/Frameworks/Accelerate.framework/Versions/A/Frameworks/vImage.framework/Versions/A/vImage
0x000000000628d000 	/System/Library/Frameworks/Accelerate.framework/Versions/A/Frameworks/vecLib.framework/Versions/A/vecLib
0x000000000628d000 	/System/Library/Frameworks/Accelerate.framework/Versions/A/Frameworks/vecLib.framework/Versions/A/libvDSP.dylib
0x000000000628d000 	/System/Library/Frameworks/Accelerate.framework/Versions/A/Frameworks/vecLib.framework/Versions/A/libBNNS.dylib
0x000000000628d000 	/System/Library/Frameworks/Accelerate.framework/Versions/A/Frameworks/vecLib.framework/Versions/A/libQuadrature.dylib
0x000000000628d000 	/System/Library/Frameworks/Accelerate.framework/Versions/A/Frameworks/vecLib.framework/Versions/A/libvMisc.dylib
0x000000000628d000 	/System/Library/Frameworks/Accelerate.framework/Versions/A/Frameworks/vecLib.framework/Versions/A/libLAPACK.dylib
0x000000000628d000 	/System/Library/Frameworks/Accelerate.framework/Versions/A/Frameworks/vecLib.framework/Versions/A/libBLAS.dylib
0x000000000628d000 	/System/Library/Frameworks/Accelerate.framework/Versions/A/Frameworks/vecLib.framework/Versions/A/libLinearAlgebra.dylib
0x000000000628d000 	/System/Library/Frameworks/Accelerate.framework/Versions/A/Frameworks/vecLib.framework/Versions/A/libSparse.dylib
0x000000000628d000 	/System/Library/Frameworks/Accelerate.framework/Versions/A/Frameworks/vecLib.framework/Versions/A/libSparseBLAS.dylib
0x000000000628d000 	/System/Library/PrivateFrameworks/IOAccelerator.framework/Versions/A/IOAccelerator
0x000000000628d000 	/System/Library/PrivateFrameworks/IOPresentment.framework/Versions/A/IOPresentment
0x000000000628d000 	/System/Library/PrivateFrameworks/DSExternalDisplay.framework/Versions/A/DSExternalDisplay
0x000000000628d000 	/System/Library/Frameworks/OpenGL.framework/Versions/A/Libraries/libCoreFSCache.dylib
0x000000000628d000 	/System/Library/Frameworks/CoreVideo.framework/Versions/A/CoreVideo
0x000000000628d000 	/System/Library/PrivateFrameworks/GraphVisualizer.framework/Versions/A/GraphVisualizer
0x000000000628d000 	/System/Library/Frameworks/MetalPerformanceShaders.framework/Versions/A/MetalPerformanceShaders
0x000000000628d000 	/usr/lib/libFosl_dynamic.dylib
0x000000000628d000 	/System/Library/PrivateFrameworks/FaceCore.framework/Versions/A/FaceCore
0x000000000628d000 	/System/Library/Frameworks/OpenCL.framework/Versions/A/OpenCL
0x000000000628d000 	/usr/lib/libcompression.dylib
0x000000000628d000 	/System/Library/Frameworks/ApplicationServices.framework/Versions/A/Frameworks/ATS.framework/Versions/A/Resources/libFontParser.dylib
0x000000000628d000 	/System/Library/Frameworks/ApplicationServices.framework/Versions/A/Frameworks/ATS.framework/Versions/A/Resources/libFontRegistry.dylib
0x000000000628d000 	/System/Library/Frameworks/ImageIO.framework/Versions/A/Resources/libJPEG.dylib
0x000000000628d000 	/System/Library/Frameworks/ImageIO.framework/Versions/A/Resources/libTIFF.dylib
0x000000000628d000 	/System/Library/Frameworks/ImageIO.framework/Versions/A/Resources/libPng.dylib
0x000000000628d000 	/System/Library/Frameworks/ImageIO.framework/Versions/A/Resources/libGIF.dylib
0x000000000628d000 	/System/Library/Frameworks/ImageIO.framework/Versions/A/Resources/libJP2.dylib
0x000000000628d000 	/System/Library/Frameworks/ImageIO.framework/Versions/A/Resources/libRadiance.dylib
0x000000000628d000 	/System/Library/PrivateFrameworks/AppleJPEG.framework/Versions/A/AppleJPEG
0x000000000628d000 	/System/Library/PrivateFrameworks/MetalTools.framework/Versions/A/MetalTools
0x000000000628d000 	/System/Library/Frameworks/MetalPerformanceShaders.framework/Frameworks/MPSCore.framework/Versions/A/MPSCore
0x000000000628d000 	/System/Library/Frameworks/MetalPerformanceShaders.framework/Frameworks/MPSImage.framework/Versions/A/MPSImage
0x000000000628d000 	/System/Library/Frameworks/MetalPerformanceShaders.framework/Frameworks/MPSMatrix.framework/Versions/A/MPSMatrix
0x000000000628d000 	/System/Library/Frameworks/MetalPerformanceShaders.framework/Frameworks/MPSNeuralNetwork.framework/Versions/A/MPSNeuralNetwork
0x000000000628d000 	/System/Library/Frameworks/OpenGL.framework/Versions/A/Libraries/libGLU.dylib
0x000000000628d000 	/System/Library/Frameworks/OpenGL.framework/Versions/A/Libraries/libGFXShared.dylib
0x000000000628d000 	/System/Library/Frameworks/OpenGL.framework/Versions/A/Libraries/libGL.dylib
0x000000000628d000 	/System/Library/Frameworks/OpenGL.framework/Versions/A/Libraries/libGLImage.dylib
0x000000000628d000 	/System/Library/Frameworks/OpenGL.framework/Versions/A/Libraries/libCVMSPluginSupport.dylib
0x000000000628d000 	/System/Library/Frameworks/OpenGL.framework/Versions/A/Libraries/libCoreVMClient.dylib
0x000000000628d000 	/usr/lib/libcups.2.dylib
0x000000000628d000 	/System/Library/Frameworks/Kerberos.framework/Versions/A/Kerberos
0x000000000628d000 	/System/Library/Frameworks/GSS.framework/Versions/A/GSS
0x000000000628d000 	/usr/lib/libresolv.9.dylib
0x000000000628d000 	/usr/lib/libiconv.2.dylib
0x000000000628d000 	/System/Library/PrivateFrameworks/Heimdal.framework/Versions/A/Heimdal
0x000000000628d000 	/usr/lib/libheimdal-asn1.dylib
0x000000000628d000 	/System/Library/Frameworks/OpenDirectory.framework/Versions/A/OpenDirectory
0x000000000628d000 	/System/Library/PrivateFrameworks/CommonAuth.framework/Versions/A/CommonAuth
0x000000000628d000 	/System/Library/Frameworks/OpenDirectory.framework/Versions/A/Frameworks/CFOpenDirectory.framework/Versions/A/CFOpenDirectory
0x000000000628d000 	/System/Library/Frameworks/SecurityFoundation.framework/Versions/A/SecurityFoundation
0x000000000628d000 	/System/Library/PrivateFrameworks/APFS.framework/Versions/A/APFS
0x000000000628d000 	/usr/lib/libutil.dylib
0x000000000628d000 	/System/Library/PrivateFrameworks/AppleSauce.framework/Versions/A/AppleSauce
0x000000000628d000 	/System/Library/PrivateFrameworks/LinguisticData.framework/Versions/A/LinguisticData
0x000000000628d000 	/usr/lib/libmarisa.dylib
0x000000000628d000 	/System/Library/PrivateFrameworks/Lexicon.framework/Versions/A/Lexicon
0x000000000628d000 	/usr/lib/libChineseTokenizer.dylib
0x000000000628d000 	/usr/lib/libcmph.dylib
0x000000000628d000 	/System/Library/PrivateFrameworks/LanguageModeling.framework/Versions/A/LanguageModeling
0x000000000628d000 	/System/Library/PrivateFrameworks/CoreEmoji.framework/Versions/A/CoreEmoji
0x000000000628d000 	/System/Library/Frameworks/ServiceManagement.framework/Versions/A/ServiceManagement
0x000000000628d000 	/System/Library/PrivateFrameworks/BackgroundTaskManagement.framework/Versions/A/BackgroundTaskManagement
0x000000000628d000 	/usr/lib/libxslt.1.dylib
0x000000000628d000 	/System/Library/Frameworks/Carbon.framework/Versions/A/Frameworks/Ink.framework/Versions/A/Ink
0x000000000628d000 	/System/Library/PrivateFrameworks/TextureIO.framework/Versions/A/TextureIO
0x000000000628d000 	/usr/lib/libate.dylib
0x000000000628d000 	/System/Library/PrivateFrameworks/CrashReporterSupport.framework/Versions/A/CrashReporterSupport
0x000000000628d000 	/System/Library/PrivateFrameworks/Sharing.framework/Versions/A/Sharing
0x000000000628d000 	/System/Library/PrivateFrameworks/IconServices.framework/Versions/A/IconServices
0x000000000628d000 	/System/Library/PrivateFrameworks/ProtocolBuffer.framework/Versions/A/ProtocolBuffer
0x000000000628d000 	/System/Library/PrivateFrameworks/Apple80211.framework/Versions/A/Apple80211
0x000000000628d000 	/System/Library/Frameworks/CoreWLAN.framework/Versions/A/CoreWLAN
0x000000000628d000 	/System/Library/PrivateFrameworks/CoreUtils.framework/Versions/A/CoreUtils
0x000000000628d000 	/System/Library/Frameworks/IOBluetooth.framework/Versions/A/IOBluetooth
0x000000000628d000 	/System/Library/PrivateFrameworks/CoreWiFi.framework/Versions/A/CoreWiFi
0x000000000628d000 	/System/Library/Frameworks/CoreBluetooth.framework/Versions/A/CoreBluetooth
0x000000000628d000 	/System/Library/PrivateFrameworks/SignpostNotification.framework/Versions/A/SignpostNotification
0x000000000628d000 	/System/Library/PrivateFrameworks/DebugSymbols.framework/Versions/A/DebugSymbols
0x000000000628d000 	/System/Library/PrivateFrameworks/CoreSymbolication.framework/Versions/A/CoreSymbolication
0x000000000628d000 	/System/Library/PrivateFrameworks/Symbolication.framework/Versions/A/Symbolication
0x000000000628d000 	/System/Library/PrivateFrameworks/AppleFSCompression.framework/Versions/A/AppleFSCompression
0x000000000628d000 	/System/Library/PrivateFrameworks/SpeechRecognitionCore.framework/Versions/A/SpeechRecognitionCore
0x000000010fa00000 	/Library/Java/JavaVirtualMachines/jdk1.8.0_111.jdk/Contents/Home/jre/lib/server/libjvm.dylib
0x000000000628d000 	/usr/lib/libstdc++.6.0.9.dylib
0x000000010f00f000 	/Library/Java/JavaVirtualMachines/jdk1.8.0_111.jdk/Contents/Home/jre/lib/libverify.dylib
0x000000010f01d000 	/Library/Java/JavaVirtualMachines/jdk1.8.0_111.jdk/Contents/Home/jre/lib/libjava.dylib
0x000000010f09c000 	/Library/Java/JavaVirtualMachines/jdk1.8.0_111.jdk/Contents/Home/jre/lib/libzip.dylib
0x000000000628d000 	/System/Library/Frameworks/JavaVM.framework/Versions/A/Frameworks/JavaRuntimeSupport.framework/Versions/A/JavaRuntimeSupport
0x000000000628d000 	/System/Library/Frameworks/JavaVM.framework/Versions/A/Frameworks/JavaNativeFoundation.framework/Versions/A/JavaNativeFoundation
0x000000000628d000 	/System/Library/Frameworks/JavaVM.framework/Versions/A/JavaVM
0x000000000628d000 	/System/Library/Frameworks/Carbon.framework/Versions/A/Carbon
0x000000000628d000 	/System/Library/PrivateFrameworks/JavaLaunching.framework/Versions/A/JavaLaunching
0x000000000628d000 	/System/Library/Frameworks/Carbon.framework/Versions/A/Frameworks/CommonPanels.framework/Versions/A/CommonPanels
0x000000000628d000 	/System/Library/Frameworks/Carbon.framework/Versions/A/Frameworks/Help.framework/Versions/A/Help
0x000000000628d000 	/System/Library/Frameworks/Carbon.framework/Versions/A/Frameworks/ImageCapture.framework/Versions/A/ImageCapture
0x000000000628d000 	/System/Library/Frameworks/Carbon.framework/Versions/A/Frameworks/OpenScripting.framework/Versions/A/OpenScripting
0x000000000628d000 	/System/Library/Frameworks/Carbon.framework/Versions/A/Frameworks/Print.framework/Versions/A/Print
0x000000000628d000 	/System/Library/Frameworks/Carbon.framework/Versions/A/Frameworks/SecurityHI.framework/Versions/A/SecurityHI
0x0000000114fba000 	/Library/Java/JavaVirtualMachines/jdk1.8.0_111.jdk/Contents/Home/jre/lib/libmanagement.dylib
0x0000000128241000 	/Library/Java/JavaVirtualMachines/jdk1.8.0_111.jdk/Contents/Home/jre/lib/libnet.dylib
0x0000000114f16000 	/Library/Java/JavaVirtualMachines/jdk1.8.0_111.jdk/Contents/Home/jre/lib/libnio.dylib
0x0000000114f26000 	/Library/Java/JavaVirtualMachines/jdk1.8.0_111.jdk/Contents/Home/jre/lib/libsunec.dylib

VM Arguments:
jvm_args: -Dfile.encoding=UTF-8 
java_command: edu.northeastern.cs4500.Cs4500Spring2018Team51Application
java_class_path (initial): /Library/Java/JavaVirtualMachines/jdk1.8.0_111.jdk/Contents/Home/jre/lib/resources.jar:/Library/Java/JavaVirtualMachines/jdk1.8.0_111.jdk/Contents/Home/jre/lib/rt.jar:/Library/Java/JavaVirtualMachines/jdk1.8.0_111.jdk/Contents/Home/jre/lib/jsse.jar:/Library/Java/JavaVirtualMachines/jdk1.8.0_111.jdk/Contents/Home/jre/lib/jce.jar:/Library/Java/JavaVirtualMachines/jdk1.8.0_111.jdk/Contents/Home/jre/lib/charsets.jar:/Library/Java/JavaVirtualMachines/jdk1.8.0_111.jdk/Contents/Home/jre/lib/jfr.jar:/Library/Java/JavaVirtualMachines/jdk1.8.0_111.jdk/Contents/Home/jre/lib/ext/sunec.jar:/Library/Java/JavaVirtualMachines/jdk1.8.0_111.jdk/Contents/Home/jre/lib/ext/nashorn.jar:/Library/Java/JavaVirtualMachines/jdk1.8.0_111.jdk/Contents/Home/jre/lib/ext/cldrdata.jar:/Library/Java/JavaVirtualMachines/jdk1.8.0_111.jdk/Contents/Home/jre/lib/ext/jfxrt.jar:/Library/Java/JavaVirtualMachines/jdk1.8.0_111.jdk/Contents/Home/jre/lib/ext/dnsns.jar:/Library/Java/JavaVirtualMachines/jdk1.8.0_111.jdk/Contents/Home/jre/lib/ext/localedata.jar:/Library/Java/JavaVirtualMachines/jdk1.8.0_111.jdk/Contents/Home/jre/lib/ext/sunjce_provider.jar:/Library/Java/JavaVirtualMachines/jdk1.8.0_111.jdk/Contents/Home/jre/lib/ext/sunpkcs11.jar:/Library/Java/JavaVirtualMachines/jdk1.8.0_111.jdk/Contents/Home/jre/lib/ext/jaccess.jar:/Library/Java/JavaVirtualMachines/jdk1.8.0_111.jdk/Contents/Home/jre/lib/ext/zipfs.jar:/System/Library/Java/Extensions/MRJToolkit.jar:/Users/emilytrinh/team-51-spring18/aws/cs4500-spring2018-team-51/target/classes:/Users/emilytrinh/Downloads/java-json.jar:/Users/emilytrinh/Downloads/jersey-bundle-1.18.jar:/Users/emilytrinh/Downloads/jsr311-api-1.1.1.jar:/Users/emilytrinh/Downloads/jaxb-impl-2.0.1.jar:/Users/emilytrinh/Downloads/asm-3.1.jar:/Users/emilytrinh/.m2/repository/org/springframework/boot/spring-boot-starter-data-jpa/1.5.10.RELEASE/spring-boot-starter-data-jpa-1.5.10.RELEASE.jar:/Users/emilytrinh/.m2/repository/org/springframework/boot/spring-boot-s
Launcher Type: SUN_STANDARD

Environment Variables:
PATH=/usr/bin:/bin:/usr/sbin:/sbin
SHELL=/bin/bash

Signal Handlers:
SIGSEGV: [libjvm.dylib+0x5b03ed], sa_mask[0]=11111111011111110111111111111111, sa_flags=SA_ONSTACK|SA_RESTART|SA_SIGINFO
SIGBUS: [libjvm.dylib+0x5b03ed], sa_mask[0]=11111111011111110111111111111111, sa_flags=SA_RESTART|SA_SIGINFO
SIGFPE: [libjvm.dylib+0x48711c], sa_mask[0]=11111111011111110111111111111111, sa_flags=SA_RESTART|SA_SIGINFO
SIGPIPE: [libjvm.dylib+0x48711c], sa_mask[0]=11111111011111110111111111111111, sa_flags=SA_RESTART|SA_SIGINFO
SIGXFSZ: [libjvm.dylib+0x48711c], sa_mask[0]=11111111011111110111111111111111, sa_flags=SA_RESTART|SA_SIGINFO
SIGILL: [libjvm.dylib+0x48711c], sa_mask[0]=11111111011111110111111111111111, sa_flags=SA_RESTART|SA_SIGINFO
SIGUSR1: SIG_DFL, sa_mask[0]=00000000000000000000000000000000, sa_flags=none
SIGUSR2: [libjvm.dylib+0x486c3a], sa_mask[0]=00100000000000000000000000000000, sa_flags=SA_RESTART|SA_SIGINFO
SIGHUP: [libjvm.dylib+0x485211], sa_mask[0]=11111111011111110111111111111111, sa_flags=SA_RESTART|SA_SIGINFO
SIGINT: [libjvm.dylib+0x485211], sa_mask[0]=11111111011111110111111111111111, sa_flags=SA_RESTART|SA_SIGINFO
SIGTERM: [libjvm.dylib+0x485211], sa_mask[0]=11111111011111110111111111111111, sa_flags=SA_RESTART|SA_SIGINFO
SIGQUIT: [libjvm.dylib+0x485211], sa_mask[0]=11111111011111110111111111111111, sa_flags=SA_RESTART|SA_SIGINFO


---------------  S Y S T E M  ---------------

OS:Bsduname:Darwin 17.4.0 Darwin Kernel Version 17.4.0: Sun Dec 17 09:19:54 PST 2017; root:xnu-4570.41.2~1/RELEASE_X86_64 x86_64
rlimit: STACK 8192k, CORE 0k, NPROC 709, NOFILE 10240, AS infinity
load average:2.00 1.94 2.06

CPU:total 4 (2 cores per cpu, 2 threads per core) family 6 model 61 stepping 4, cmov, cx8, fxsr, mmx, sse, sse2, sse3, ssse3, sse4.1, sse4.2, popcnt, avx, avx2, aes, clmul, erms, 3dnowpref, lzcnt, ht, tsc, tscinvbit, bmi1, bmi2, adx

Memory: 4k page, physical 8388608k(354432k free)

/proc/meminfo:


vm_info: Java HotSpot(TM) 64-Bit Server VM (25.111-b14) for bsd-amd64 JRE (1.8.0_111-b14), built on Sep 22 2016 15:31:41 by "java_re" with gcc 4.2.1 (Based on Apple Inc. build 5658) (LLVM build 2336.11.00)

time: Mon Mar 12 22:18:52 2018
elapsed time: 44005 seconds (0d 12h 13m 25s)

